[    0.000000] Initializing cgroup subsys cpuset
[    0.000000] Initializing cgroup subsys cpu
[    0.00000] Initializing cgroup subsys cpuacct
[    0.000000] Linux version 4.4.0-146-generic (buildd@lcy01-amd64-025) (gcc version 5.4.0 20160609 (Ubuntu 5.4.0-6ubuntu1~16.04.10) ) #172-Ubuntu SMP Wed Apr 3 09:00:08 UTC 2019 (Ubuntu 4.4.0-146.172-generic 4.4.177)
[    0.000000] Command line: BOOT_IMAGE=/boot/vmlinuz-4.4.0-146-generic root=LABEL=cloudimg-rootfs ro console=tty1 console=ttyS0
[    0.000000] KERNEL supported cpus:
[    0.000000]   Intel GenuineIntel
[    0.000000]   AMD AuthenticAMD
[    0.000000]   Centaur CentaurHauls
[    0.000000] x86/fpu: xstate_offset[2]:  576, xstate_sizes[2]:  256
[    0.000000] x86/fpu: Supporting XSAVE feature 0x01: 'x87 floating point registers'
[    0.000000] x86/fpu: Supporting XSAVE feature 0x02: 'SSE registers'
[    0.000000] x86/fpu: Supporting XSAVE feature 0x04: 'AVX registers'
[    0.000000] x86/fpu: Enabled xstate features 0x7, context size is 832 bytes, using 'standard'format.
[    0.000000] e820: BIOS-provided physical RAM map:
[    0.000000] BIOS-e820: [mem 0x0000000000000000-0x000000000009fbff] usable
[    0.000000] BIOS-e820: [mem 0x000000000009fc00-0x000000000009ffff] reserved
[    0.000000] BIOS-e820: [mem 0x00000000000f0000-0x00000000000fffff] reserved
[    0.000000] BIOS-e820: [mem 0x0000000000100000-0x000000007ffeffff] usable
[    0.000000] BIOS-e820: [mem 0x000000007fff0000-0x000000007fffffff] ACPI data
[    0.000000] BIOS-e820: [mem 0x00000000fec00000-0x00000000fec00fff] reserved
[    0.000000] BIOS-e820: [mem 0x00000000fee00000-0x00000000fee00fff] reserved
[    0.000000] BIOS-e820: [mem 0x00000000fffc0000-0x00000000ffffffff] reserved
[    0.000000] NX (Execute Disable) protection: active
[    0.000000] SMBIOS 2.5 present.
[    0.000000] Hypervisor detected: KVM
[    0.000000] e820: last_pfn = 0x7fff0 max_arch_pfn = 0x400000000
[    0.000000] MTRR: Disabled
[    0.000000] x86/PAT: MTRRs disabled, skipping PAT initialation o.
[    0.000000] CPU MTRRs all blank - virtualized system.
[    0.000000] x86/PAT: Configuration [0-7]: WB  WT  UC- UC  WB  WT  UC- UC  
[    0.000000] found SMP MP-table at [mem 0x0009fff0-0x0009ffff] mapped at [ffff88000009fff0]
[    0.000000] Scanning 1 areas for low memory corruption
[    0.000000] RAMDISK: [mem 0x362fa000-0x37174fff]
[    0.000000] ACPI: Early table checksum verification disabled
[    0.000000] ACPI: RSDP 0x00000000000E0000 000024 (v02 VBOX  )
[    0.000000] ACPI: XSDT 0x000000007FFF0030 00003C (v01 VBOX   VBOXXSDT 00000001 ASL  00000061)
[    0.000000] ACPI: FACP 0x000000007FFF00F0 0000F4 (v04 VBOX   VBOXFACP 00000001 ASL  00000061)
[    0.000000] ACPI: DSDT 0x000000007FFF0480 0021FF (v02 VBOX   VBOXBIOS 00000002 INTL 20180105)
[    0.000000] ACPI: FACS 0x000000007FFF0200 000040
[    0.000000] ACPI: FACS 0x000000007FFF0200 000040
[    0.000000] ACPI: APIC 0x000000007FFF0240 00006C (v02 VBOX   VBOXAPIC 00000001 ASL  00000061)
[    0.000000] ACPI: SSDT 0x000000007FFF02B0 0001CC (v01 VBOX   VBOXCPUT 00000002 INTL 20180105)
[    0.000000] No NUMA configuration found
[    0.000000] Faking a node at [mem 0x0000000000000000-0x000000007ffeffff]
[    0.000000] NODE_DATA(0) allocated [mem 0x7ffeb000-0x7ffeffff]
[    0.000000] kvm-clock: Using msrs 4b564d01 and 4b564d00
[    0.000000] kvm-clock: cpu 0, msr 0:7ffe3001, primary cpu clock
[    0.000000] kvm-clock: using sched offset of 3563492711 cycles
[    0.000000] clocksource: kvm-clock: mask: 0xffffffffffffffff max_cycles: 0x1cd42e4dffb, max_idle_ns: 881590591483 ns
[    0.000000] Zone ranges:
[    0.000000]   DMA      [mem 0x0000000000001000-0x0000000000ffffff]
[    0.000000]   DMA32    [mem 0x0000000001000000-0x000000007ffeffff]
[    0.000000]   Normal   empty
[    0.000000]   Device   empty
[    0.000000] Movable zone start for each node
[    0.000000] Early memory node ranges
[    0.000000]   node   0: [mem 0x0000000000001000-0x000000000009efff]
[    0.000000]   node   0: [mem 0x0000000000100000-0x000000007ffeffff]
[    0.000000] Initmem setup node 0 [mem 0x0000000000001000-0x000000007ffeffff]
[    0.000000] ACPI: PMTierIO Port: 0x4008
[    0.000000] IOAPIC[0]: apic_id 4, version 32, address 0xfec00000, GSI 0-23
[    0.000000] ACPI: INT_SRC_OVR (bus 0 bus_irq 0 global_irq 2 dfl dfl)
[    0.000000] ACPI: INT_SRC_OVR (bus 0 bus_irq 9 global_irq 9 low level)
[    0.000000] Using ACPI (MADT) for SMP configuration information
[    0.000000] smpboot: Allowing 4 CPUs, 0 hotplug CPUs
[    0.000000] PM: Registered nosave memory: [mem 0x00000000-0x00000fff]
[    0.000000] PM: Registered nosave memory: [mem 0x0009f000-0x0009ffff]
[    0.000000] PM: Registered nosave memory: [mem 0x000a0000-0x000effff]
[    0.000000] PM: Registered nosave memory: [mem 0x000f0000-0x000fffff]
[    0.000000] e820: [mem 0x80000000-0xfebfffff] available for PCI devices
[    0.000000] Booting paravirtualized kernel on KVM
[    0.000000] ocource: refined-jiffies: mask:0xffffffff max_cycles: 0xffffffff, max_idle_ns: 7645519001156 ns
[    0.000000] setup_percpu: NR_CPUS:512 nr_cpumask_bits:512 nr_cpu_ids:4 nr_node_ids:1
[    0.000000] PERCPU: Embedded 34 pages/cpu @ffff88007fc00000 s99480 r8192 d31592 u524288
[    0.000000] Built 1 zonelists in Node order, mobility grouping on.  Total pages: 515960
[    0.000000] Policy zone: DMA32
[    0.000000] Kernel command line: BOOT_IMAGE=/boot/vmlinuz-4.4.0-146-generic root=LABEL=cloudimg-rootfs ro console=tty1 console=ttyS0
[    0.000000] PID hash table entries: 4096 (order: 3, 32768 bytes)
[    0.000000] Memory: 2029652K/2096696K available (8609K kernel code, 1334K rwdata, 4028K rodata, 1484K init, 1284K bss, 67044K reserved, 0K cma-reserved)
[    0.000000] SLUB: HWalign=64, Order=0-3, MinObjects=0, CPUs=4, Nodes=1
[    0.000000] Kernel/User page tables isolation: enabled
[    0.000000] Hierarchical RCU implementation.
[    0.000000] 	Build-time adjustment of leaf fanout to 64.
[    0.000000] 	RCU restricting CPUs from NR_CPUS=512 to nr_cpu_ids=4.
[    0.000000] RCU: Adjusting geometry for rcu_fanout_leaf=64, nr_cpu_ids=4
[    0.000000] NR_IRQS:33024 nr_irqs:456 16
[    0.000000] Console: colour VGA+ 80x25
[    0.000000] console [tty1] enabled
[    0.000000] console [ttyS0] enabled
[    0.000000] tsc: Detected 2394.480 MHz processor
[    0.480308] Calibrating delay loop (skipped) preset value.. 4788.96 BogoMIPS (lpj=9577920)
[    0.482105] pid_max: default: 32768 minimum: 301
[    0.483077] ACPI: Core revision 20150930
[    0.484872] ACPI: 2 ACPI AML tables successfully acquired and loaded
[    0.486287] Security Framework initialized
[    0.487134] Yama: becoming mindful.
[    0.487934] AppArmor: AppArmor initialized
[    0.489295] Dentry cache hash table entries: 262144 (order: 9, 2097152 bytes)
[    0.490865] Inode-cache hash table entries: 131072 (order: 8, 1048576 bytes)
[    0.495935] Mount-cache hash table entries: 4096 (order: 3, 32768 bytes)
[    0.497173] Mountpoint-cache hash table entries: 4096 (order: 3, 32768 bytes)
[    0.498712] Initializing cgroup subsys io
[    0.499597] Initializing cgroup subsys memory
[    0.500605] Initializing cgroup subsys devices
[    0.501627] Initializing cgroup subsys freezer
[    0.502645] Initializing cgroup subsys net_cls
[    0.503591] Initializing cgroup subsys perf_event
[    0.504598] Initializing cgroup subsys net_prio
[    0.505575] Initializing cgroup subsys hugetlb
[    0.506538] Initializing cgroup subsys pids
[    0.508341] mce: CPU supports 0 MCE banks
[    0.509975] Last level iTLB entries: 4KB 1024, 2MB 1024, 4MB 1024
[    0.511933] Last level dTLB entries: 4KB 1024, 2MB 1024, 4MB 1024, 1GB 4
[    0.513308] Spectre V2 : Mitigation: Full generic retpoline
[    0.514403] Spectre V2 : Spectre v2 / SpectreRSB mitigation: Filling RSB on context switch
[    0.516171] Speculative Store Bypass: Vulnerable
[    0.524492] Freeing SMP alternatives memory: 36K
[    0.531355] ftrace: allocating 32287 entries in 127 pages
[    0.585031] smpboot: APIC(0) Converting physical 0 to logical package 0
[    0.591448] smpboot: Max logical packages: 1
[    0.601145] x2apic enabled
[    0.603420] Switched APIC routing to physical x2apic.
[    0.617863] ..TIMER: vector=0x30 apic1=0 pin1=2 apic2=-1 pin2=-1
[    0.730626] smpboot: CPU0: Intel(R) Core(TM) i7-4700MQ CPU @ 2.40GHz (family: 0x6, model: 0x3c, stepping: 0x3)
[    0.755192] Performance Events: unsupported p6 CPU model 60 no PMU driver, software events only.
[    0.771452] KVM setup paravirtual spinlock
[    0.776949] x86: Booting SMP configuration:
[    0.795469] .... node  #0, CPUs:      #1
[    0.807322] kvm-clock: cpu 1, msr 0:7ffe3041, secondary cpu clock
[    0.823309] mce: CPU supports 0 MCE banks
[    0.825919]  #2
[    0.826388] kvm-clock: cpu 2, msr 0:7ffe3081, secondary cpu clock
[    0.828140] mce: CPU supports 0 MCE banks
[    0.836391]  #3
[    0.837012] kvm-clock: cpu 3, msr 0:7ffe30c1, secondary cpu clock
[    0.839828] mce: CPU supports 0 MCE banks
[    0.842286] x86: Booted up 1 node, 4 CPUs
[    0.870081] smpboot: Total of 4 processors activated (19155.84 BogoMIPS)
[    0.871625] devtmpfs: initialized
[    0.879095] evm: security.selinux
[    0.879926] evm: security.SMACK64
[    0.880633] evm: security.SMACK64EXEC
[    0.881500] evm: security.SMACK64TRANSMUTE
[    0.882369] evm: security.SMACK64MMAP
[    0.883187] evm: security.ima
[    0.883868] evm: security.capability
[    0.884922] clocksource: jiffies: mask: 0xffffffff max_cycles: 0xffffffff, max_idle_ns: 7645041785100000 ns
[    0.892153] futex hash table entries: 1024 (order: 4, 65536 bytes)
[    0.893278] pinctrl core: initialized pinctrl subsystem
[    0.895393] RTC time: 18:43:47, date: 05/04/19
[    0.896462] NET: Registered protocol family 16
[    0.909473] cpuidle: using governor ladder
[    0.930942] cpuidle: using governor menu
[    0.939853] PCCT header not found.
[    0.948527] ACPI: bus type PCI registered
[    0.950428] acpiphp: ACPI Hot Plug PCI Controller Driver version: 0.5
[    0.951635] PCI: Using configuration type 1 for base access
[    0.968051] ACPI: Added _OSI(Module Device)
[    0.974443] ACPI: Added _OSI(Processor Device)
[    0.975619] ACPI: Added _OSI(3.0 _SCP Extensions)
[    0.976834] ACPI: Added _OSI(Processor Aggregator Device)
[    0.979178] ACPI: Executed 1 blocks of module-level executable AML code
[    0.983532] ACPI: Interpreter enabled
[    0.993541] ACPI: (supports S0 S5)
[    0.994257] ACPI: Using IOAPIC for interrupt routing
[    1.005713] PCI: Using host bridge windows from ACPI; if necessary, use "pci=nocrs" and report a bug
[    1.010492] ACPI: PCI Root Bridge [PCI0] (domain 0000 [bus 00-ff])
[    1.016968] acpi PNP0A03:00: _OSC: OS supports [ASPM ClockPM Segments MSI]
[    1.031163] acpi PNP0A03:00: _OSC: not requesting OS control; OS requires [ExtendedConfig ASPM ClockPM MSI]
[    1.033072] acpi PNP0A03:00: fail to add MMCONFIG information, can't access extended PCI configuration space under this bridge.
[    1.044394] PCI host bridge to bus 0000:00
[    1.045443] pci_bus 0000:00: root bus resource [io  0x0000-0x0cf7 window]
[    1.046737] pci_bus 0000:00: root bus resource [io  0x0d00-0xffff window]
[    1.048009] pci_bus 0000:00: root bus resource [mem 0x000a0000-0x000bffff window]
[    1.049588] pci_bus 0000:00: root bus resource [mem 0x80000000-0xfdffffff window]
[    1.051266] pci_bus 0000:00: root bus resource [bus 00-ff]
[    1.053745] pci 0000:00:01.1: legacy IDE quirk: reg 0x10: [io  0x01f0-0x01f7]
[    1.055194] pci 0000:00:01.1: legacy IDE quirk: reg 0x14: [io  0x03f6]
[    1.056423] pci 0000:00:01.1: legacy IDE quirk: reg 0x18: [io  0x0170-0x0177]
[    1.057814] pci 0000:00:01.1: legacy IDE quirk: reg 0x1c: [io  0x0376]
[    1.091248] pci 0000:00:07.0: quirk: [io  0x4000-0x403f] claimed by PIIX4 ACPI
[    1.120573] pci 0000:00:07.0: quirk: [io  0x4100-0x410f] claimed by PIIX4 SMB
[    1.148322] ACPI: PCI Interrupt Link [LNKA] (IRQs 5 9 10 *11)
[    1.157018] ACPI: PCI Interrupt Link [LNKB] (IRQs 5 9 *10 11)
[    1.163187] ACPI: PCI Interrupt Link [LNKC] (IRQs 5 *9 10 11)
[    1.167726] ACPI: PCI Interrupt Link [LNKD] (IRQs 5 9 10 *11)
[    1.171418] ACPI: Enabled 2 GPEs in block 00 to 07
[    1.195492] vgaarb: setting as boot device: PCI:0000:00:02.0
[    1.217860] vgaarb: device added: PCI:0000:00:02.0,decodes=io+mem,owns=io+mem,locks=none
[    1.222455] vgaarb: loaded
[    1.225635] vgaarb: bridge control possible 0000:00:02.0
[    1.226813] SCSI subsystem initialized
[    1.228274] ACPI: bus type USB registered
[    1.229173] usbcore: registered new interface driver usbfs
[    1.230119] usbcore: registered new interface driver hub
[    1.231213] usbcore: registered new device driver usb
[    1.232443] PCI: Using ACPI for IRQ routing
[    1.234672] NetLabel: Initializing
[    1.238033] NetLabel:  domain hash size = 128
[    1.238965] NetLabel:  protocols = UNLABELED CIPSOv4
[    1.239950] NetLabel:  unlabeled traffic allowed by default
[    1.241281] amd_nb: Cannot enumerate AMD northbridges
[    1.243296] clocksource: Switched to clocksource kvm-clock
[    1.252097] AppArmor: AppArmor Filesystem Enabled
[  13091] pnp: PnP ACPI init
[    1.436365] pnp: PnP ACPI: found 3 devices
[    1.445202] clocksource: acpi_pm: mask: 0xffffff max_cycles: 0xffffff, max_idle_ns: 2085701024 ns
[    1.446850] NET: Registered protocol family 2
[    1.447846] TCP established hash table entries: 16384 (order: 5, 131072 bytes)
[    1.449194] TCP bind hash table entries: 16384 (order: 6, 262144 bytes)
[    1.450283] TCP: Hash tables configured (established 16384 bind 16384)
[    1.451308] UDP hash table entries: 1024 (order: 3, 32768 bytes)
[    1.452332] UDP-Lite hash table entries: 1024 (order: 3, 32768 bytes)
[    1.453409] NET: Registered protocol family 1
[    1.454261] pci 0000:00:00.0: Limiting direct PCI/PCI transfers
[    1.455187] pci 0000:00:01.0: Activating ISA DMA hang workarounds
[    1.456392] Unpacking initramfs...
[    1.640089] Freeing initrd memory: 14828K
[    1.641360] RAPL PMU detected, API unit is 2^-32 Joules, 4 fixed counters 10737418240 ms ovfl timer
[    1.643144] hw unit of domain pp0-core 2^-0 Joules
[    1.644142] hw unit of domain package 2^-0 Joules
[    1.645127] hw unit of domain dram 2^-0 Joules
[    1.646070] hw unit of domain pp1-gpu 2^-0 Joules
[    1.647099] platform rtc_cmos: registered platform RTC device (no PNP device found)
[    1.648758] Scanning for low memory corruption every 60 seconds
[    1.650362] audit: initializing netlink subsys (disabled)
[    1.656773] audit: type=2000 audit(1556995432.583:1): initialized
[    1.658277] Initialise system trusted keyring
[    1.664580] HugeTLB registered 2 MB page size, pre-allocated 0 pages
[    1.666973] zbud: loaded
[    1.668099] VFS: Disk quotas dquot_6.6.0
[    1.672222] VFS: Dquot-cache hash table entries: 512 (order 0, 4096 bytes)
[    1.673802] squashfs: version 4.0 (2009/01/31) Phillip Lougher
[    1.675349] fuse init (API version 7.23)
[    1.680382] Key type big_key registered
[    1.681322] Allocating IMA MOK and blacklist keyrings.
[    1.684205] Key type asymmetric registered
[    1.695816] Asymmetric key parser 'x509' registered
[    1.700225] Block layer SCSI generic (bsg) driver version 0.4 loaded (major 249)
[    1.706919] io scheduler noop registered
[    1.715843] io scheduler deadline registered (default)
[    1.716818] io scheduler cfq registered
[    1.725853] pci_hotplug: PCI Hot Plug PCI Core version: 0.5
[    1.727143] pciehp: PCI Express Hot Plug Controller Driver version: 0.4
[    1.728838] ACPI: AC Adapter [AC] (on-line)
[    1.735842] input: Power Button as /devices/LNXSYSTM:00/LNXPWRBN:00/input/input0
[    1.747839] ACPI: Power Button [PWRF]
[    1.749051] input: Sleep Button as /devices/LNXSYSTM:00/LNXSLPBN:00/input/input1
[    1.750326] ACPI: Sleep Button [SLPF]
[    1.752425] GHES: HEST is not enabled!
[    1.753175] ACPI: Battery Slot [BAT0] (battery present)
[    1.756242] Serial: 8250/16550 driver, 32 ports, IRQ sharing enabled
[    1.781964] 00:02: ttyS0 at I/O 0x3f8 (irq = 4, base_baud = 115200) is a 16550A
[    1.797566] Linux agpgart interface v0.103
[    1.800476] loop: module loaded
[    1.807007] scsi host0: ata_piix
[    1.825828] scsi host1: ata_piix
[    1.835721] ata1: PATA max UDMA/33 cmd 0x1f0 ctl 0x3f6 bmdma 0xd000 irq 14
[    1.836870] ata2: PATA max UDMA/33 cmd 0x170 ctl 0x376 bmdma 0xd008 irq 15
[    1.844461] libphy: Fixed MDIO Bus: probed
[    1.845363] tun: Universal TUN/TAP device driver, 1.6
[    1.848232] tun: (C) 1999-2004 Max Krasnyansky <maxk@qualcomm.com>
[    1.852877] PPP generic driver version 2.4.2
[    1.855740] ehci_hcd: USB 2.0 'Enhanced' Host Controller (EHCI) Driver
[    1.881200] ehci-pci: EHCI PCI platform driver
[    1.884201] ehci-platform: EHCI generic platform driver
[    1.890521] ohci_hcd: USB 1.1 'Open' Host Controller (OHCI) Driver
[    1.891779] ohci-pci: OHCI PCI platform driver
[    1.906570] ohci-platform: OHCI generic platform driver
[    1.907512] uhci_hcd: USB Universal Host Controller Interface driver
[    1.908664] i8042: PNP: PS/2 Controller [PNP0303:PS2K,PNP0f03:PS2M] at 0x60,0x64 irq 1,12
[    1.910648] serio: i8042 KBD port at 0x60,0x64 irq 1
[    1.916064] serio: i8042 AUX port at 0x60,0x64 irq 12
[    1.917379] mousedev: PS/2 mouse device common for all mice
[    1.919310] input: AT Translated Set 2 keyboard as /devices/platform/i8042/serio0/input/input2
[    1.922187] rtc_cmos rtc_cmos: rtc core: registered rtc_cmos as rtc0
[    1.936232] rtc_cmos rtc_cmos: alarms up to one day, 114 bytes nvram
[    1.956136] i2c /dev entries driver
[    1.965877] device-mapper: uevent: version 1.0.3
[    1.986304] device-mapper: ioctl: 4.34.0-ioctl (2015-10-28) initialised: dm-devel@redhat.com
[    1.989506] ledtrig-cpu: registered to indicate activity on CPUs
[    1.991393] NET: Registered protocol family 10
[    1.992530] NET: Registered protocol family 17
[    1.993410] Key type dns_resolver registered
[    1.994730] registered taskstats version 1
[    1.995519] Loading compiled-in X.509 certificates
[    1.997074] Loaded X.509 cert 'Build time autogenerated kernel key: 4dcb2dc2c7cf43e0c20c44384f68683c20294489'
[    1.999221] zswap: loaded using pool lzo/zbud
[    2.007879] Key type trusted registered
[    2.020745] Key type encrypted registered
[    2.021864] AppArmor: AppArmor sha1 policy hashing enabled
[    2.023219] ima: No TPM chip found, activating TPM-bypass!
[    2.024617] ima: Allocated hash algorithm: sha1
[    2.025853] evm: HMAC attrs: 0x1
[    2.027060]   Magic number: 3:886:745
[    2.028121] rtc_cmos rtc_cmos: setting system clock to 2019-05-04 18:43:48 UTC (1556995428)
[    2.030168] BIOS EDD facility v0.16 2004-Jun-25, 0 devices found
[    2.031445] EDD information not available.
[    2.033755] Freeing unused kernel memory: 1484K
[    2.055516] Write protecting the kernel read-only data: 14336k
[    2.058017] Freeing unused kernel memory: 1620K
[    2.060180] Freeing unused kernel memory: 68K
Loading, please wait...
starting version 229
[    2.080475] random: systemd-udevd: uninitialized urandom read (16 bytes read, 2 bits of entropy available)
[    2.081312] random: udevadm: uninitialized urandom read (16 bytes read, 2 bits of entropy available)
[    2.081334] random: udevadm: uninitialized urandom read (16 bytes read, 2 bits of entropy available)
[    2.093037] random: udevadm: uninitialized urandom read (16 bytes read, 2 bits of entropy available)
[    2.093120] random: udevadm: uninitialized urandom read (16 bytes read, 2 bits of entropy available)
[    2.093434] random: udevadm: uninitialized urandom read (16 bytes read, 2 bits of entropy available)
[    2.093490] random: udevadm: uninitialized urandom read (16 bytes read, 2 bits of entropy available)
[    2.093547] random: udevadm: uninitialized urandom read (16 bytes read, 2 bits of entropy available)
[    2.093599] random: udevadm: uninitialized urandom read (16 bytes read, 2 bits of entropy available)
[    2.093654] random: udevadm: uninitialized urandom read (16 bytes read, 2 bits of entropy available)
[    2.185453] Fusion MPT base driver 3.04.20
[    2.202943] Copyright (c) 1999-2008 LSI Corporation
[    2.213217] e1000: Intel(R) PRO/1000 Network Driver - version 7.3.21-k8-NAPI
[    2.214652] e1000: Copyright (c) 1999-2006 Intel Corporation.
[    2.219846] Fusion MPT SPI Host driver 3.04.20
[    2.226044] AVX2 version of gcm_enc/dec engaged.
[    2.227226] AES CTR mode by8 optimization enabled
[    2.413056] input: ImExPS/2 Generic Explorer Mouse as /devices/platform/i8042/serio1/input/input4
[    3.238027] tsc: Refined TSC clocksource calibration: 2394.482 MHz
[    3.242523] clocksource: tsc: mask: 0xffffffffffffffff max_cycles: 0x2283daefa0c, max_idle_ns: 440795298922 ns
[    3.445027] e1000 0000:00:03.0 eth0: (PCI:33MHz:32-bit) 02:6d:cd:79:6e:19
[    4.428883] e1000 0000:00:03.0 eth0: Intel(R) PRO/1000 Network Connection
[    4.431096] mptbase: ioc0: Initiating bringup
[    4.643729] ioc0: LSI53C1030 A0: Capabilities={Initiator}
[    5.037179] scsi host2: ioc0: LSI53C1030 A0, FwRev=00000000h, Ports=1, MaxQ=256, IRQ=20
[    6.215686] scsi 2:0:0:0: Direct-Access     VBOX     HARDDISK         1.0  PQ: 0 ANSI: 5
[    6.218821] scsi target2:0:0: Beginning Domain Validation
[    6.244440] scsi target2:0:0: Domain Validation skipping write tests
[    6.245727] scsi target2:0:0: Ending Domain Validation
[    6.428015] scsi target2:0:0: asynchronous
[    6.614165] scsi 2:0:1:0: Direct-Access     VBOX     HARDDISK         1.0  PQ: 0 ANSI: 5
[    6.621103] e1000 0000:00:08.0 eth1: (PCI:33MHz:32-bit) 08:00:27:eb:4f:4c
[    6.621106] e1000 0000:00:08.0 eth1: Intel(R) PRO/1000 Network Connection
[    6.629669] e1000 0000:00:08.0 enp0s8: renamed from eth1
[    6.630945] scsi target2:0:1: Beginning Domain Validation
[    6.649499] scsi target2:0:1: Domain Validation skipping write tests
[    6.650546] scsi target2:0:1: Ending Domain Validation
[    6.652637] scsi target2:0:1: asynchronous
[    6.659936] e1000 0000:00:03.0 enp0s3: renamed from eth0
[    6.668458] sd 2:0:0:0: Attached scsi generic sg0 type 0
[    6.668594] sd 2:0:0:0: [sda] 20971520 512-byte logical blocks: (10.7 GB/10.0 GiB)
[    6.668887] sd 2:0:0:0: [sda] Write Protect is off
[    6.669048] sd 2:0:0:0: [sda] Incomplete mode parameter data
[    6.669050] sd 2:0:0:0: [sda] Assuming drive cache: write through
[    6.674997] sd 2:0:1:0: Attached scsi generic sg1 type 0
[    6.675083] sd 2:0:1:0: [sdb] 20480 512-byte logical blocks: (10.5 MB/10.0 MiB)
[    6.675340] sd 2:0:1:0: [sdb] Write Protect is off
[    6.675500] sd 2:0:1:0: [sdb] Incomplete mode parameter data
[    6.675501] sd 2:0:1:0: [sdb] Assuming drive cache: write through
[    6.686809]  sda: sda1
[    6.687843] sd 2:0:0:0: [sda] Attached SCSI disk
[    6.696157] sd 2:0:1:0: [sdb] Attached SCSI disk
Begin: Loading e[    8.037250] md: linear personality registered for level -1
ssential drivers[    8.047067] md: multipath personality registered for level -4
 ... [    8.055252] md: raid0 personality registered for level 0
[    8.071034] md: raid1 personality registered for level 1
[    8.143383] raid6: sse2x1   gen()  8941 MB/s
[    8.215346] raid6: sse2x1   xor()  7424 MB/s
[    8.283321] raid6: sse2x2   gen() 11931 MB/s
[    8.351382] raid6: sse2x2   xor()  7735 MB/s
[    8.427408] raid6: sse2x4   gen() 12605 MB/s
[    8.499402] raid6: sse2x4   xor()  9214 MB/s
[    8.567375] raid6: avx2x1   gen() 17531 MB/s
[    8.635369] raid6: avx2x2   gen() 20337 MB/s
[    8.723342] raid6: avx2x4   gen() 24417 MB/s
[    8.730653] raid6: using algorithm avx2x4 gen() 24417 MB/s
[    8.735577] raid6: using avx2x2 recovery algorithm
[    8.747953] xor: automatically using best checksumming function:
[    8.812073]    avx       : 83824.000 MB/sec
[    8.847446] async_tx: api initialized (async)
[    8.876282] md: raid6 personality registered for level 6
[    8.881915] md: raid5 personality registered for level 5
[    8.882969] md: raid4 personality registered for level 4
[    8.891080] md: raid10 personality registered for level 10
done.
Begin: Running /scripts/init-premount ... done.
Begin: Mounting root file system ... Begin: Running /scripts/local-top ... done.
Begin: Running /scripts/local-premount ... [    8.930109] Btrfs loaded
Scanning for Btrfs filesystems
done.
Warning: fsck not present, so skipping root file system
[    9.014751] EXT4-fs (sda1): mounted filesystem with ordered data mode. Opts: (null)
done.
Begin: Running /scripts/local-bottom ... done.
Begin: Running /scripts/init-bottom ... done.
[    9.459504] systemd[1]: systemd 229 running in system mode. (+PAM +AUDIT +SELINUX +IMA +APPARMOR +SMACK +SYSVINIT +UTMP +LIBCRYPTSETUP +GCRYPT +GNUTLS +ACL +XZ -LZ4 +SECCOMP +BLKID +ELFUTILS +KMOD -IDN)
[    9.465841] systemd[1]: Detected virtualization oracle.
[    9.467660] systemd[1]: Detected architecture x86-64.

Welcome to [1mUbuntu 16.04.6 LTS[0m!

[    9.539282] systemd[1]: Set hostname to <ubuntu-xenial>.
[  9997499] random: nonblocking pool is initialized

[   10.298627] systemd[1]: Listening on Syslog Socket.
[[0;32m  OK  [0m] Listening on Syslog Socket.
[   10.318733] systemd[1]: Listening on Journal Socket (/dev/log).
[[0;32m  OK  [0m] Listening on Journal Socket (/dev/log).
[   10.325909] systemd[1]: Set up automount Arbitrary Executable File Formats File System Automount Point.
[[0;32m  OK  [0m] Set up automount Arbitrary Executab...ats File System Automount Point.
[   10.339613] systemd[1]: Listening on LVM2 metadata daemon socket.
[[0;32m  OK  [0m] Listening on LVM2 metadata daemon socket.
[   10.343191] systemd[1]: Created slice System Slice.
[[0;32m  OK  [0m] Created slice System Slice.
[   10.347870] systemd[1]: Listening on Journal Socket.
[[0;32m  OK  [0m] Listening on Journal Socket.
[   10.379780] systemd[1]: Starting Remount Root and Kernel File Systems...
         Starting Remount Root and Kernel File Systems...
[   10.403293] systemd[1]: Starting Nameserver information manager...
         Starting Nameserver information manager...
[   10.407708] systemd[1]: Reached target Swap.
[[0;32m  OK  [0m] Reached target Swap.
[   10.410286] systemd[1]: Created slice User and Session Slice.
[[0;32m  OK  [0m] Created slice User and Session Slice.
[   10.413362] systemd[1]: Reached target Slices.
[[0;32m  OK  [0m] Reached target Slices.
[   10.416164] systemd[1]: Mounting Huge Pages File System...
         Mounting Huge Pages File System...
[   10.447538] systemd[1]: Reached target Encrypted Volumes.
[[0;32m  OK  [0m] Reached target Encrypted Volumes.
[   10.458359] systemd[1]: Listening on Journal Audit Socket.
[[0;32m  OK  [0m] Listening on Journal Audit Socket.
[   10.461834] EXT4-fs (sda1): re-mounted. Opts: (null)
[   10.462819] systemd[1]: Listening on LVM2 poll daemon socket.
[[0;32m  OK  [0m] Listening on LVM2 poll daemon socket.
[   10.507729] systemd[1]: Starting Set console keymap...
         Starting Set console keymap...
[   10.515549] systemd[1]: Listening on /dev/initctl Compatibility Named Pipe.
[[0;32m  OK  [0m] Listening on /dev/initctl Compatibility Named Pipe.
[   10.520349] systemd[1]: Listening on udev Control Socket.
[[0;32m  OK  [0m] Listening on udev Control Socket.
[   10.551665] systemd[1]: Created slice system-serial\x2dgetty.slice.
[[0;32m  OK  [0m] Created slice system-serial\x2dgetty.slice.
[   10.571485] systemd[1]: Starting Uncomplicated firewall...
         Starting Uncomplicated firewall...
[   10.580175] systemd[1]: Starting Journal Service...
         Starting Journal Service...
[   10.587725] systemd[1]: Listening on Device-mapper event daemon FIFOs.
[[0;32m  OK  [0m] Listening on Device-mapper event daemon FIFOs.
[   10.597893] systemd[1]: Starting Monitoring of LVM2 mirrors, snapshots etc. using dmeventd or progress polling...
         Starting Monitoring of LVM2 mirrors... dmeventd or progress polling...
[   10.604549] systemd[1]: Mounting POSIX Message Queue File System...
         Mounting POSIX Message Queue File System...
[   10.607661] systemd[1]: Started Trigger resolvconf update for networkd DNS.
[[0;32m  OK  [0m] Started Trigger resolvconf update for networkd DNS.
[   10.610697] systemd[1]: Reached target User and Group Name Lookups.
[[0;32m  OK  [0m] Reached target User and Group Name Lookups.
[   10.632014] systemd[1]: Reached target System Time Synchronized.
[[0;32m  OK  [0m] Reached target System Time Synchronized.
[   10.647636] systemd[1]: Starting Create list of required static device nodes for the current kernel...
         Starting Create list of required st... nodes for the current kernel...
[   10.660805] systemd[1]: Mounting Debug File System...
         Mounting Debug File System...
[   10.667786] systemd[1]: Starting Load Kernel Modules...
         Starting Load Kernel Modules...
[   10.671561] systemd[1]: Started Forward Password Requests to Wall Directory Watch.
[[0;32m  OK  [0m] Started Forward Password Requests to Wall Directory Watch.
[   10.706341] systemd[1]: Listening on udev Kernel Socket.
[[0;32m  OK  [0m] Listening on udev Kernel Socket.
[  10.736876] systemd[1]: Mounted Debug File System.
[[0;32m  OK  [0m] Mounted Debug File System.
[   10.776700] systemd[1]: Mounted POSIX Message Queue File System.
[[0;32m  OK  [0m] Mounted POSIX Message Queue File System.
[   10.795550] systemd[1]: Mounted Huge Pages File System.
[[0;32m  OK  [0m] Mounted Huge Pages File System.
[   10.823624] Loading iSCSI transport class v2.0-870.
[   10.863357] systemd[1]: Started Journal Service.
[[0;32m  OK  [0m] Started Journal Service.
[[0;32m  OK  [0m] Started Remount Root and Kernel File Systems.
[   10.888438] iscsi: registered transport (tcp)
[[0;32m  OK  [0m] Started Set console keymap.
[[0;32m  OK  [0m] Started Uncomplicated firewall.
[[0;32m  OK  [0m] Started Create list of required sta...ce nodes for the current kernel.
[[0;32m  OK  [0m] Started Nameserver information manager.
[   10.964183] iscsi: registered transport (iser)
[[0;32m  OK  [0m] Started LVM2 metadata daemon.
         Starting Create Static Device Nodes in /dev...
         Starting Load/Save Random Seed...
         Starting udev Coldplug all Devices...
         Starting Flush Journal to Persistent Storage...
[[0;32m  OK  [0m] Started Load Kernel Modules.
[[0;32m  OK  [0m] Started Load/Save Random Seed.
         Starting Apply Kernel Variables...
         Mounting FUSE Control File System...
[[0;32m  OK  [0m] Mounted FUSE Control File System.
[   11.197104] systemd-journald[406]: Received request to flush runtime journal from PID 1
[[0;32m  OK  [0m] Started udev Coldplug all Devices.
[[0;32m  OK  [0m] Started Flush Journal to Persistent Storage.
[[0;32m  OK  [0m] Started Apply Kernel Variables.
[[0;32m  OK  [0m] Started Monitoring of LVM2 mirrors,...ng dmeventd or progress polling.
[[0;32m  OK  [0m] Started Create Static Device Nodes in /dev.
         Starting udev Kernel Device Manager...
[[0;32m  OK  [0m] Reached target Local File Systems (Pre).
[[0;32m  OK  [0m] Reached target Local File Systems.
         Starting Set console font and keymap...
         Starting Create Volatile Files and Directories...
         Starting Initial cloud-init job (pre-networking)...
         Starting LSB: AppArmor initialization...
         Starting Tell Plymouth To Write Out Runtime Data...
[[0;32m  OK  [0m] Started Tell Plymouth To Write Out Runtime Data.
[[0;32m  OK  [0m] Started Create Volatile Files and Directories.
         Starting Update UTMP about System Boot/Shutdown...
[[0;32m  OK  [0m] Started Update UTMP about System Boot/Shutdown.
[[0;32m  OK  [0m] Started udev Kernel Device Manager.
[[0;32m  OK  [0m] Started Dispatch Password Requests to Console Directory Watch.
[[0;32m  OK  [0m] Started Set console font and keymap.
[[0;32m  OK  [0m] Created slice system-getty.slice.
[[0;32m  OK  [0m] Found device /dev/ttyS0.
[[0;32m  OK  [0m] Listening on Load/Save RF Kill Switch Status /dev/rfkill Watch.
[[0;32m  OK  [0m] Found device 82540EM Gigabit Ethern...r (PRO/1000 MT Desktop Adapter).
[[0;32m  OK  [0m] Found device 82540EM Gigabit Ethern...r (PRO/1000 MT Desktop Adapter).
[[0;32m  OK  [0m] Started LSB: AppArmor initialization.
[   14.321752] cloud-init[490]: Traceback (most recent call last):
[   14.388770] [cloud-init[0;1;31mFAILED[0m[490]: ]   File "/usr/bin/cloud-init", line 9, in <module>Failed to start Initial cloud-init job (pre-networking).

See 'systemctl status cloud-init-local.service' for details.[   14.389186] 
cloud-init[490]:     load_entry_point('cloud-init==18.5', 'console_scripts', 'cloud-init')()
[   14.421665] [cloud-init[0;32m  OK  [0m[490]: ]   File "/usr/local/lib/python3.6/dist-packages/pkg_resources/__init__.py", line 489, in load_entry_pointReached target Network (Pre).

[   14.424806] cloud-init[490]:     return get_distribution(dist).load_entry_point(group, name)
[   14.433572] cloud-init[490]:   File "/usr/local/lib/python3.6/dist-packages/pkg_resources/__init__.py", line 2843, in load_entry_point
[   14.435974] cloud-init[490]:     return ep.load()
[   14.445236] [cloud-init[0;32m  OK  [0m[490]: ]   File "/usr/local/lib/python3.6/dist-packages/pkg_resources/__init__.py", line 2434, in loadStarted ifup for enp0s3.

[   14.449285] cloud-init[490]:     return self.resolve()
[   14.450931] cloud-init[490]:   File "/usr/local/lib/python3.6/dist-packages/pkg_resources/__init__.py", line 2440, in resolve
[   14.453074] cloud-init[490]:     module = __import__(self.module_name, fromlist=['__name__'], level=0)
[   14.454951] cloud-init[490]:   File "/usr/lib/python3/dist-packages/cloudinit/cmd/main.py", line 29, in <module>
[   14.456964] cloud-init[490]:     from cloudinit import stages
[   14.458422] cloud-init[490]:   File "/usr/lib/python3/dist-packages/cloudinit/stages.py", line 21, in <module>
[   14.460347]          cloud-initStarting Raise network interfaces...[490]: 
    from cloudinit.handlers.cloud_config import CloudConfigPartHandler
[[   14.462816] [0;32m  OK  [0mcloud-init] [490]: Started ifup for enp0s8.  File "/usr/lib/python3/dist-packages/cloudinit/handlers/cloud_config.py", line 11, in <module>

[   14.496494] cloud-init[490]:     import jsonpatch
[   14.506961] cloud-init[490]:   File "/usr/lib/python3/dist-packages/jsonpatch.py", line 114, in <module>
[   14.524342] cloud-init[490]:     json.load = get_loadjson()
[   14.530829] cloud-init[490]:   File "/usr/lib/python3/dist-packages/jsonpatch.py", line 108, in get_loadjson
[   14.533489] cloud-init[490]:     argspec = inspect.getargspec(json.load)
[   14.535601] cloud-init[490]:   File "/usr/lib/python3.6/inspect.py", line 1082, in getargspec
[   14.550273] cloud-init[490]:     raise ValueError("Function has keyword-only parameters or annotations"
[   14.551747] cloud-init[490]: ValueError: Function has keyword-only parameters or annotations, use getfullargspec() API which can support them
[[0;32m  OK  [0m] Started Raise network interfaces.
[[0;32m  OK  [0m] Reached target Network.
         Starting Initial cloud-init job (metadata service crawler)...
[   15.201750] cloud-init[1101]: Traceback (most recent call last):
[   15.237998] [cloud-init[0;1;31mFAILED[0m[1101]: ]   File "/usr/bin/cloud-init", line 9, in <module>Failed to start Initial cloud-init job (metadata service crawler).

See 'systemctl status cloud-init.service' for details.
[   15.238346] cloud-init[1101]:     load_entry_point('cloud-init==18.5', 'console_scripts', 'cloud-init')()
[   15.243997] [cloud-init[0;32m  OK  [0m[1101]: ]   File "/usr/local/lib/python3.6/dist-packages/pkg_resources/__init__.py", line 489, in load_entry_pointReached target Cloud-config availability.

[   15.246503] [cloud-init[0;32m  OK  [0m[1101]: ]     return get_distribution(dist).load_entry_point(group, name)Reached target Network is Online.

[   15.248141] cloud-init[1101]:   File "/usr/local/lib/python3.6/dist-packages/pkg_resources/__init__.py", line 2843, in load_entry_point
[   15.254341] cloud-init[1101]:     return ep.load()
[   15.261673] cloud-init[1101]:   File "/usr/local/lib/python3.6/dist-packages/pkg_resources/__init__.py", line 2434, in load
[   15.267464] cloud-init[1101]:     return self.resolve()
[   15.288636]          cloud-initStarting iSCSI initiator daemon (iscsid)...[1101]: 
  File "/usr/local/lib/python3.6/dist-packages/pkg_resources/__init__.py", line 2440, in resolve
[   15.312360] [cloud-init[0;32m  OK  [0m[1101]: ]     module = __import__(self.module_name, fromlist=['__name__'], level=0)Reached target System Initialization.

[   15.312759] [cloud-init[0;32m  OK  [0m[1101]: ]   File "/usr/lib/python3/dist-packages/cloudinit/cmd/main.py", line 29, in <module>Started Daily Cleanup of Temporary Directories.

[   15.326600] cloud-init[1101]:     from cloudinit import stages
[   15.334786] cloud-init[1101]:   File "/usr/lib/python3/dist-packages/cloudinit/stages.py", line 21, in <module>
[   15.337600] cloud-init[1101]:     from cloudinit.handlers.cloud_config import CloudConfigPartHandler
[   15.341143] [cloud-init[0;32m  OK  [0m[1101]: ]   File "/usr/lib/python3/dist-packages/cloudinit/handlers/cloud_config.py", line 11, in <module>Started ACPI Events Check.

[[   15.341503] [0;32m  OK  [0mcloud-init] [1101]: Reached target Paths.    import jsonpatch

[   15.346099] cloud-init[1101]:   File "/usr/lib/python3/dist-packages/jsonpatch.py", line 114, in <module>
[   15.347794]          cloud-initStarting LXD - unix socket.[1101]: 
    json.load = get_loadjson()
[   15.349547] [cloud-init[0;32m  OK  [0m[1101]: ]   File "/usr/lib/python3/dist-packages/jsonpatch.py", line 108, in get_loadjsonListening on ACPID Listen Socket.

[   15.349853] [cloud-init[0;32m  OK  [0m[1101]:     argspec = inspect.getargspec(json.load)] 
Listening on D-Bus System Message Bus Socket.
[   15.352190] cloud-init[1101]:   File "/usr/lib/python3.6/inspect.py", line 1082, in getargspec
[   15.355587] cloud-init[1101]:     raise ValueError("Function has keyword-only parameters or annotations"
[   15.357293] cloud-init[1101]: ValueError: Function has keyword-only parameters or annotations, use getfullargspec() API which can support them
[[0;32m  OK  [0m] Started Daily apt download activities.
[[0;32m  OK  [0m] Listening on UUID daemon activation socket.
[[0;32m  OK  [0m] Started Daily apt upgrade and clean activities.
[[0;32m  OK  [0m] Reached target Timers.
         Starting Socket activation for snappy daemon.
[[0;32m  OK  [0m] Listening on LXD - unix socket.
[[0;32m  OK  [0m] Listening on Socket activation for snappy daemon.
[[0;32m  OK  [0m] Reached target Sockets.
[[0;32m  OK  [0m] Reached target Basic System.
         Starting Accounts Service...
         Starting /etc/rc.local Compatibility...
         Starting Virtualbox guest utils...
[[0;32m  OK  [0m] Started Regular background program processing daemon.
         Starting LSB: Record successful boot for GRUB...
         Starting OpenBSD Secure Shell server...
         Starting Snappy daemon...
[[0;32m  OK  [0m] Started FUSE filesystem for LXC.
[[0;32m  OK  [0m] Started D-Bus System Message Bus.
[[0;32m  OK  [0m] Started ACPI event daemon.
         Starting System Logging Service...
         Starting Login Service...
[[0;32m  OK  [0m] Started Deferred execution scheduler.
         Starting LSB: MD monitoring daemon...
         Starting LXD - container startup/shutdown...
[[0;32m  OK  [0m] Started iSCSI initiator daemon (iscsid).
[[0;32m  OK  [0m] Started /etc/rc.local Compatibility.
[[0;32m  OK  [0m] Started OpenBSD Secure Shell server.
         Starting Login to default iSCSI targets...
         Starting Authenticate and Authorize Users to Run Privileged Tasks...
[[0;32m  OK  [0m] Started Login Service.
[[0;32m  OK  [0m] Started Unattended Upgrades Shutdown.
[[0;32m  OK  [0m] Started LSB: MD monitoring daemon.
[[0;32m  OK  [0m] Started System Logging Service.
[[0;32m  OK  [0m] Started Authenticate and Authorize Users to Run Privileged Tasks.
[[0;32m  OK  [0m] Started Accounts Service.
[[0;32m  OK  [0m] Started Login to default iSCSI targets.
[[0;32m  OK  [0m] Reached target Remote File Systems (Pre).
[[0;32m  OK  [0m] Reached target Remote File Systems.
         Starting LSB: automatic crash report generation...
         Starting Permit User Sessions...
         Starting LSB: daemon to balance interrupts for SMP systems...
         Starting LSB: Set the CPU Frequency Scaling governor to "ondemand"...
[[0;32m  OK  [0m] Started LSB: Record successful boot for GRUB.
[[0;32m  OK  [0m] Started LSB: Set the CPU Frequency Scaling governor to "ondemand".
[[0;32m  OK  [0m] Started Permit User Sessions.
         Starting Hold until boot process finishes up...
         Starting Terminate Plymouth Boot Screen...
[[0;32m  OK  [0m] Started Hold until boot process finishes up.
[[0;32m  OK  [0m] Started Terminate Plymouth Boot Screen.
[[0;32m  OK  [0m] Started Virtualbox guest utils.
         Starting Set console scheme...
[[0;32m  OK  [0m] Started Getty on tty1.
[[0;32m  OK  [0m] Started Serial Getty on ttyS0.
[[0;32m  OK  [0m] Reached target Login Prompts.
[[0;32m  OK  [0m] Started LSB: daemon to balance interrupts for SMP systems.
[[0;32m  OK  [0m] Started LSB: automatic crash report generation.
[[0;32m  OK  [0m] Started Set console scheme.
[[0;32m  OK  [0m] Started Snappy daemon.
         Starting Wait until snapd is fully seeded...
[[0;32m  OK  [0m] Started Wait until snapd is fully seeded.
[[0;32m  OK  [0m] Created slice User Slice of vagrant.
         Starting User Manager for UID 1000...
         Starting Apply the settings specified in cloud-config...
[[0;32m  OK  [0m] Started Session 1 of user vagrant.
[[0;32m  OK  [0m] Started LXD - container startup/shutdown.
[[0;32m  OK  [0m] Reached target Multi-User System.
[[0;32m  OK  [0m] Reached target Graphical Interface.
         Starting Update UTMP about System Runlevel Changes...
[[0;32m  OK  [0m] Started Update UTMP about System Runlevel Changes.
[[0;32m  OK  [0m] Started User Manager for UID 1000.
[   17.969037] cloud-init[1311]: Traceback (most recent call last):
[   18.012547] [cloud-init[0;1;31mFAILED[0m[1311]: ]   File "/usr/bin/cloud-init", line 9, in <module>Failed to start Apply the settings specified in cloud-config.

See 'systemctl status cloud-config.service' for details.[   18.012824] 
cloud-init[1311]:     load_entry_point('cloud-init==18.5', 'console_scripts', 'cloud-init')()
[   18.031064] cloud-init[1311]:   File "/usr/local/lib/python3.6/dist-packages/pkg_resources/__init__.py", line 489, in load_entry_point
[   18.089828] cloud-init         [1311]: Starting Execute cloud user/final scripts...    return get_distribution(dist).load_entry_point(group, name)

[   18.112317] cloud-init[1311]:   File "/usr/local/lib/python3.6/dist-packages/pkg_resources/__init__.py", line 2843, in load_entry_point
[   18.114740] cloud-init[1311]:     return ep.load()
[   18.116001] cloud-init[1311]:   File "/usr/local/lib/python3.6/dist-packages/pkg_resources/__init__.py", line 2434, in load
[   18.122791] cloud-init[1311]:     return self.resolve()
[   18.124076] cloud-init[1311]:   File "/usr/local/lib/python3.6/dist-packages/pkg_resources/__init__.py", line 2440, in resolve
[   18.126181] cloud-init[1311]:     module = __import__(self.module_name, fromlist=['__name__'], level=0)
[   18.127972] cloud-init[1311]:   File "/usr/lib/python3/dist-packages/cloudinit/cmd/main.py", line 29, in <module>
[   18.160591] cloud-init[1311]:     from cloudinit import stages
[   18.192819] cloud-init[1311]:   File "/usr/lib/python3/dist-packages/cloudinit/stages.py", line 21, in <module>
[   18.196744] cloud-init[1311]:     from cloudinit.handlers.cloud_config import CloudConfigPartHandler
[   18.264313] cloud-init[1311]:   File "/usr/lib/python3/dist-packages/cloudinit/handlers/cloud_config.py", line 11, in <module>
[   18.288384] cloud-init[1311]:     import jsonpatch
[   18.289607] cloud-init[1311]:   File "/usr/lib/python3/dist-packages/jsonpatch.py", line 114, in <module>
[   18.291650] cloud-init[1311]:     json.load = get_loadjson()
[   18.292965] cloud-init[1311]:   File "/usr/lib/python3/dist-packages/jsonpatch.py", line 108, in get_loadjson
[   18.398519] [cloud-init[0;1;31mFAILED[0m[1311]: ]     argspec = inspect.getargspec(json.load)Failed to start Execute cloud user/final scripts.

See 'systemctl status cloud-final.service' for details.
[   18.401271] cloud-init[1311]:   File "/usr/lib/python3.6/inspect.py", line 1082, in getargspec
[   18.440511]          cloud-initStarting Daily apt download activities...[1311]: 
    raise ValueError("Function has keyword-only parameters or annotations"
[   18.462739] [cloud-init[0;32m  OK  [0m[1311]: ] ValueError: Function has keyword-only parameters or annotations, use getfullargspec() API which can support themReached target Cloud-init target.

[   18.463691] cloud-init[1338]: Traceback (most recent call last):
[   18.486339] cloud-init[1338]:   File "/usr/bin/cloud-init", line 9, in <module>
[   18.488218] cloud-init[1338]:     load_entry_point('cloud-init==18.5', 'console_scripts', 'cloud-init')()
[   18.492539] cloud-init[1338]:   File "/usr/local/lib/python3.6/dist-packages/pkg_resources/__init__.py", line 489, in load_entry_point
[   18.495807] cloud-init[1338]:     return get_distribution(dist).load_entry_point(group, name)
[   18.508704] cloud-init[1338]:   File "/usr/local/lib/python3.6/dist-packages/pkg_resources/__init__.py", line 2843, in load_entry_point
[   18.535814] cloud-init[1338]:     return ep.load()
[   18.544310] cloud-init[1338]:   File "/usr/local/lib/python3.6/dist-packages/pkg_resources/__init__.py", line 2434, in load
[   18.567385] cloud-init[1338]:     return self.resolve()
[   18.569463] cloud-init[1338]:   File "/usr/local/lib/python3.6/dist-packages/pkg_resources/__init__.py", line 2440, in resolve
[   18.575644] cloud-init[1338]:     module = __import__(self.module_name, fromlist=['__name__'], level=0)
[   18.580679] cloud-init[1338]:   File "/usr/lib/python3/dist-packages/cloudinit/cmd/main.py", line 29, in <module>
[   18.586326] cloud-init[1338]:     from cloudinit import stages
[   18.587569] cloud-init[1338]:   File "/usr/lib/python3/dist-packages/cloudinit/stages.py", line 21, in <module>
[   18.596380] cloud-init[1338]:     from cloudinit.handlers.cloud_config import CloudConfigPartHandler
[   18.623410] cloud-init[1338]:   File "/usr/lib/python3/dist-packages/cloudinit/handlers/cloud_config.py", line 11, in <module>
[   18.632774] cloud-init[1338]:     import jsonpatch
[   18.640278] cloud-init[1338]:   File "/usr/lib/python3/dist-packages/jsonpatch.py", line 114, in <module>
[   18.662141] cloud-init[1338]:     json.load = get_loadjson()
[   18.670338] cloud-init[1338]:   File "/usr/lib/python3/dist-packages/jsonpatch.py", line 108, in get_loadjson
[   18.724501] cloud-init[1338]:     argspec = inspect.getargspec(json.load)
[   18.737147] cloud-init[1338]:   File "/usr/lib/python3.6/inspect.py", line 1082, in getargspec
[   18.738894] cloud-init[1338]:     raise ValueError("Function has keyword-only parameters or annotations"
[   18.748451] cloud-init[1338]: ValueError: Function has keyword-only parameters or annotations, use getfullargspec() API which can support them

Ubuntu 16.04.6 LTS ubuntu-xenial ttyS0

ubuntu-xenial login: 